<?xml version="1.0" encoding="UTF-8"?>
<testng-results ignored="0" total="4" passed="3" failed="1" skipped="0">
  <reporter-output>
  </reporter-output>
  <suite started-at="2024-08-12T15:11:51 IST" name="Default suite" finished-at="2024-08-12T15:11:53 IST" duration-ms="1852">
    <groups>
    </groups>
    <test started-at="2024-08-12T15:11:51 IST" name="Default test" finished-at="2024-08-12T15:11:53 IST" duration-ms="1852">
      <class name="testCases.LibraryAPITests">
        <test-method signature="addBook(java.lang.String,java.lang.Integer)[pri:0, instance:testCases.LibraryAPITests@478190fc]" started-at="2024-08-12T15:11:51 IST" name="addBook" data-provider="BooksData" finished-at="2024-08-12T15:11:52 IST" duration-ms="1512" status="PASS">
          <params>
            <param index="0">
              <value>
                <![CDATA[lwcf]]>
              </value>
            </param>
            <param index="1">
              <value>
                <![CDATA[67]]>
              </value>
            </param>
          </params>
          <reporter-output>
          </reporter-output>
        </test-method> <!-- addBook -->
        <test-method signature="addBook(java.lang.String,java.lang.Integer)[pri:0, instance:testCases.LibraryAPITests@478190fc]" started-at="2024-08-12T15:11:52 IST" name="addBook" data-provider="BooksData" finished-at="2024-08-12T15:11:52 IST" duration-ms="142" status="PASS">
          <params>
            <param index="0">
              <value>
                <![CDATA[rsgrq]]>
              </value>
            </param>
            <param index="1">
              <value>
                <![CDATA[60]]>
              </value>
            </param>
          </params>
          <reporter-output>
          </reporter-output>
        </test-method> <!-- addBook -->
        <test-method signature="addBook(java.lang.String,java.lang.Integer)[pri:0, instance:testCases.LibraryAPITests@478190fc]" started-at="2024-08-12T15:11:52 IST" name="addBook" data-provider="BooksData" finished-at="2024-08-12T15:11:53 IST" duration-ms="148" status="PASS">
          <params>
            <param index="0">
              <value>
                <![CDATA[nai]]>
              </value>
            </param>
            <param index="1">
              <value>
                <![CDATA[874]]>
              </value>
            </param>
          </params>
          <reporter-output>
          </reporter-output>
        </test-method> <!-- addBook -->
        <test-method signature="deleteBook(java.lang.String)[pri:0, instance:testCases.LibraryAPITests@478190fc]" started-at="2024-08-12T15:11:53 IST" name="deleteBook" data-provider="DeleteBook" finished-at="2024-08-12T15:11:53 IST" duration-ms="2" status="FAIL">
          <exception class="org.testng.internal.reflect.MethodMatcherException">
            <message>
              <![CDATA[
[public void testCases.LibraryAPITests.deleteBook(java.lang.String)] has no parameters defined but was found to be using a data provider (either explicitly specified or inherited from class level annotation).
Data provider mismatch
Method: deleteBook([java.lang.String arg0])
Arguments: [([Ljava.lang.Object;) [lwcf67, rsgrq60, nai874]]]]>
            </message>
            <full-stacktrace>
              <![CDATA[org.testng.internal.reflect.MethodMatcherException: 
[public void testCases.LibraryAPITests.deleteBook(java.lang.String)] has no parameters defined but was found to be using a data provider (either explicitly specified or inherited from class level annotation).
Data provider mismatch
Method: deleteBook([java.lang.String arg0])
Arguments: [([Ljava.lang.Object;) [lwcf67, rsgrq60, nai874]]
at org.testng.internal.reflect.DataProviderMethodMatcher.getConformingArguments(DataProviderMethodMatcher.java:46)
at org.testng.internal.Parameters.injectParameters(Parameters.java:915)
at org.testng.internal.invokers.MethodRunner.runInSequence(MethodRunner.java:50)
at org.testng.internal.invokers.TestInvoker$MethodInvocationAgent.invoke(TestInvoker.java:992)
at org.testng.internal.invokers.TestInvoker.invokeTestMethods(TestInvoker.java:203)
at org.testng.internal.invokers.TestMethodWorker.invokeTestMethods(TestMethodWorker.java:154)
at org.testng.internal.invokers.TestMethodWorker.run(TestMethodWorker.java:134)
at java.base/java.util.ArrayList.forEach(ArrayList.java:1511)
at org.testng.TestRunner.privateRun(TestRunner.java:739)
at org.testng.TestRunner.run(TestRunner.java:614)
at org.testng.SuiteRunner.runTest(SuiteRunner.java:421)
at org.testng.SuiteRunner.runSequentially(SuiteRunner.java:413)
at org.testng.SuiteRunner.privateRun(SuiteRunner.java:373)
at org.testng.SuiteRunner.run(SuiteRunner.java:312)
at org.testng.SuiteRunnerWorker.runSuite(SuiteRunnerWorker.java:52)
at org.testng.SuiteRunnerWorker.run(SuiteRunnerWorker.java:95)
at org.testng.TestNG.runSuitesSequentially(TestNG.java:1274)
at org.testng.TestNG.runSuitesLocally(TestNG.java:1208)
at org.testng.TestNG.runSuites(TestNG.java:1112)
at org.testng.TestNG.run(TestNG.java:1079)
at org.testng.remote.AbstractRemoteTestNG.run(AbstractRemoteTestNG.java:115)
at org.testng.remote.RemoteTestNG.initAndRun(RemoteTestNG.java:293)
at org.testng.remote.RemoteTestNG.main(RemoteTestNG.java:91)
]]>
            </full-stacktrace>
          </exception> <!-- org.testng.internal.reflect.MethodMatcherException -->
          <reporter-output>
          </reporter-output>
        </test-method> <!-- deleteBook -->
      </class> <!-- testCases.LibraryAPITests -->
    </test> <!-- Default test -->
  </suite> <!-- Default suite -->
</testng-results>
